<?xml version="1.0" encoding="UTF-8"?>
<testng-results ignored="0" total="1" passed="1" failed="0" skipped="0">
  <reporter-output>
  </reporter-output>
  <suite started-at="2022-10-21T10:47:08 CDT" name="AutomationSuite" finished-at="2022-10-21T10:47:12 CDT" duration-ms="4485">
    <groups>
    </groups>
    <test started-at="2022-10-21T10:47:08 CDT" name="Test Automation" finished-at="2022-10-21T10:47:12 CDT" duration-ms="4485">
      <class name="test.automation.shoppingCartTest">
        <test-method is-config="true" signature="beforeTestTask()[pri:0, instance:test.automation.shoppingCartTest@437da279]" started-at="2022-10-21T10:47:08 CDT" name="beforeTestTask" finished-at="2022-10-21T10:47:08 CDT" duration-ms="141" status="PASS">
          <reporter-output>
          </reporter-output>
        </test-method> <!-- beforeTestTask -->
        <test-method is-config="true" signature="beforeMethodTask(java.lang.String,java.lang.reflect.Method)[pri:0, instance:test.automation.shoppingCartTest@437da279]" started-at="2022-10-21T10:47:08 CDT" name="beforeMethodTask" finished-at="2022-10-21T10:47:10 CDT" duration-ms="2102" status="PASS">
          <params>
            <param index="0">
              <value>
                <![CDATA[chrome]]>
              </value>
            </param>
            <param index="1">
              <value>
                <![CDATA[public void test.automation.shoppingCartTest.shopAndCheckout()]]>
              </value>
            </param>
          </params>
          <reporter-output>
          </reporter-output>
        </test-method> <!-- beforeMethodTask -->
        <test-method signature="shopAndCheckout()[pri:0, instance:test.automation.shoppingCartTest@437da279]" started-at="2022-10-21T10:47:10 CDT" name="shopAndCheckout" finished-at="2022-10-21T10:47:11 CDT" duration-ms="1253" status="PASS">
          <reporter-output>
          </reporter-output>
        </test-method> <!-- shopAndCheckout -->
        <test-method is-config="true" signature="afterMethodTask(org.testng.ITestResult)[pri:0, instance:test.automation.shoppingCartTest@437da279]" started-at="2022-10-21T10:47:11 CDT" name="afterMethodTask" finished-at="2022-10-21T10:47:12 CDT" duration-ms="698" status="PASS">
          <params>
            <param index="0">
              <value>
                <![CDATA[[TestResult name=shopAndCheckout status=SUCCESS method=shoppingCartTest.shopAndCheckout()[pri:0, instance:test.automation.shoppingCartTest@437da279] output={null}]]]>
              </value>
            </param>
          </params>
          <reporter-output>
          </reporter-output>
        </test-method> <!-- afterMethodTask -->
        <test-method is-config="true" signature="afterTestTask()[pri:0, instance:test.automation.shoppingCartTest@437da279]" started-at="2022-10-21T10:47:12 CDT" name="afterTestTask" finished-at="2022-10-21T10:47:12 CDT" duration-ms="245" status="PASS">
          <reporter-output>
          </reporter-output>
        </test-method> <!-- afterTestTask -->
      </class> <!-- test.automation.shoppingCartTest -->
    </test> <!-- Test Automation -->
  </suite> <!-- AutomationSuite -->
</testng-results>
